<?xml version="1.0" encoding="utf-8"?><testsuites name="pytest tests"><testsuite name="pytest" errors="0" failures="0" skipped="0" tests="9" time="0.778" timestamp="2026-04-24T06:26:53.133523+00:00" hostname="agent-env-072335c0-2d99-407f-b90e-aa3a2cf8f194"><testcase classname="backend.tests.test_inquiries" name="test_root" time="0.270" /><testcase classname="backend.tests.test_inquiries" name="test_health" time="0.047" /><testcase classname="backend.tests.test_inquiries" name="test_create_inquiry_ok" time="0.048" /><testcase classname="backend.tests.test_inquiries" name="test_create_inquiry_minimal" time="0.044" /><testcase classname="backend.tests.test_inquiries" name="test_create_inquiry_invalid_email" time="0.043" /><testcase classname="backend.tests.test_inquiries" name="test_create_inquiry_missing_name" time="0.042" /><testcase classname="backend.tests.test_inquiries" name="test_create_inquiry_missing_email" time="0.042" /><testcase classname="backend.tests.test_inquiries" name="test_create_inquiry_missing_message" time="0.041" /><testcase classname="backend.tests.test_inquiries" name="test_list_inquiries" time="0.087" /></testsuite></testsuites>